Opened disk
Readstat: 0
Back from metadata init
Bstat after write: 512
Bstat after read: 512
Root data: 8	.


sfs_init()
    conn:
    proto_major = 7
    proto_minor = 22
    async_read = 1
    max_write = 131072
    max_readahead = 131072
    capable = 00000ffb
    want = 00000010
    context:
    fuse = 00f674c0
    uid = 0
    gid = 0
    pid = 0
    private_data = 00f67010
    logfile = 00f67030
    diskfile = /.freespace/laf224/testfsfile
    umask = 00000
fpath: /, path: /
JUST CHANGED / TO /.
myInode's number 8 and its first block is index 520.
Bruh, I just grabbed this inode: 
8	.


sfs_getattr(path="/", statbuf=0x8e57cc10)
fpath: /.Trash, path: /.Trash
fpath: /.Trash-85014, path: /.Trash-85014
fpath: /file1, path: /file1

sfs_create(path="/file1", mode=0100600, fi=0x8dd7bcf0)
File does not exist
Just updated bit maps
Path Copy, moment of truth: file1
In writeToDirectory
Parent Ino:8
Directory String:
8	.

inode string size: 4 fpath size:9
Just updated directory data
suoerBuff was freed
fpath: /file1, path: /file1
myInode's number 23 and its first block is index 527.
Bruh, I just grabbed this inode: 
(null)

sfs_getattr(path="/file1", statbuf=0x8dd7bc00)

sfs_release(path="/file1", fi=0x8dd7bcf0)
fpath: /file1, path: /file1
myInode's number 23 and its first block is index 527.
Bruh, I just grabbed this inode: 
(null)

sfs_getattr(path="/file1", statbuf=0x8e57cc40)

sfs_open(path"/file1", fi=0x8dd7bcf0)
Open Success.

sfs_write(path="/file1", buf=0x8f16b060, size=6, offset=0, fi=0x8dd7bd70)

sfs_release(path="/file1", fi=0x8e57ccf0)
fpath: /, path: /
JUST CHANGED / TO /.
myInode's number 8 and its first block is index 520.
Bruh, I just grabbed this inode: 
8	.
23	file1


sfs_getattr(path="/", statbuf=0x8dd7bc10)
fpath: /file2, path: /file2

sfs_create(path="/file2", mode=0100600, fi=0x8dd7bcf0)
File does not exist
Just updated bit maps
Path Copy, moment of truth: file2
In writeToDirectory
Parent Ino:8
Directory String:
8	.
23	file1

inode string size: 13 fpath size:9
Just updated directory data
suoerBuff was freed
fpath: /file2, path: /file2
myInode's number 22 and its first block is index 526.
Bruh, I just grabbed this inode: 
(null)

sfs_getattr(path="/file2", statbuf=0x8dd7bc00)
fpath: /file1, path: /file1
myInode's number 23 and its first block is index 527.
Bruh, I just grabbed this inode: 
hello


sfs_getattr(path="/file1", statbuf=0x8e57cc40)

sfs_open(path"/file1", fi=0x8dd7bcf0)
Open Success.

sfs_read(path="/file1", buf=0x88000d90, size=4096, offset=0, fi=0x8e57ccf0)

sfs_write(path="/file2", buf=0x8f16b060, size=6, offset=0, fi=0x8dd7bd70)

sfs_release(path="/file2", fi=0x8e57ccf0)

sfs_release(path="/file1", fi=0x8dd7bcf0)

sfs_destroy(userdata=0x00f67010)
Closed disk
